app/build/outputs/logs/manifest-merger-debug-report.txt
-- Merging decision tree log ---
manifest
ADDED from src\main\AndroidManifest.xml:2:1-57:12
	package
		ADDED from src\main\AndroidManifest.xml:3:5-80
		INJECTED from src\main\AndroidManifest.xml
		INJECTED from src\main\AndroidManifest.xml
	android:versionName
		ADDED from src\main\AndroidManifest.xml:5:5-32
		INJECTED from src\main\AndroidManifest.xml
		INJECTED from src\main\AndroidManifest.xml
	android:versionCode
		ADDED from src\main\AndroidManifest.xml:4:5-28
		INJECTED from src\main\AndroidManifest.xml
		INJECTED from src\main\AndroidManifest.xml
	xmlns:android
		ADDED from src\main\AndroidManifest.xml:2:11-69
uses-permission#android.permission.BLUETOOTH
ADDED from src\main\AndroidManifest.xml:7:5-68
	android:name
		ADDED from src\main\AndroidManifest.xml:7:22-65
uses-permission#android.permission.BLUETOOTH_ADMIN
ADDED from src\main\AndroidManifest.xml:8:5-74
	android:name
		ADDED from src\main\AndroidManifest.xml:8:22-71
uses-permission#com.samsung.accessory.permission.ACCESSORY_FRAMEWORK
ADDED from src\main\AndroidManifest.xml:9:5-92
	android:name
		ADDED from src\main\AndroidManifest.xml:9:22-89
uses-permission#com.samsung.android.providers.context.permission.WRITE_USE_APP_FEATURE_SURVEY
ADDED from src\main\AndroidManifest.xml:10:5-117
	android:name
		ADDED from src\main\AndroidManifest.xml:10:22-114
uses-permission#com.samsung.wmanager.ENABLE_NOTIFICATION
ADDED from src\main\AndroidManifest.xml:11:5-80
	android:name
		ADDED from src\main\AndroidManifest.xml:11:22-77
uses-permission#android.permission.RECEIVE_SMS
ADDED from src\main\AndroidManifest.xml:12:5-70
	android:name
		ADDED from src\main\AndroidManifest.xml:12:22-67
uses-permission#android.permission.SEND_SMS
ADDED from src\main\AndroidManifest.xml:13:5-67
	android:name
		ADDED from src\main\AndroidManifest.xml:13:22-64
uses-permission#android.permission.READ_PHONE_STATE
ADDED from src\main\AndroidManifest.xml:14:5-75
	android:name
		ADDED from src\main\AndroidManifest.xml:14:22-72
uses-sdk
ADDED from src\main\AndroidManifest.xml:18:5-20:41
MERGED from [com.android.support:appcompat-v7:23.1.1] AndroidManifest.xml:20:5-43
MERGED from [com.android.support:support-v4:23.1.1] AndroidManifest.xml:20:5-43
	android:targetSdkVersion
		ADDED from src\main\AndroidManifest.xml:20:9-38
		INJECTED from src\main\AndroidManifest.xml
		INJECTED from src\main\AndroidManifest.xml
	android:minSdkVersion
		ADDED from src\main\AndroidManifest.xml:19:9-35
		INJECTED from src\main\AndroidManifest.xml
		INJECTED from src\main\AndroidManifest.xml
application
ADDED from src\main\AndroidManifest.xml:22:5-55:19
MERGED from [com.android.support:appcompat-v7:23.1.1] AndroidManifest.xml:22:5-20
MERGED from [com.android.support:support-v4:23.1.1] AndroidManifest.xml:22:5-20
	android:label
		ADDED from src\main\AndroidManifest.xml:25:9-41
	android:allowBackup
		ADDED from src\main\AndroidManifest.xml:23:9-35
	android:icon
		ADDED from src\main\AndroidManifest.xml:24:9-43
activity#com.samsung.android.sdk.accessory.example.helloaccessory.consumer.ConsumerActivity
ADDED from src\main\AndroidManifest.xml:26:9-34:20
	android:screenOrientation
		ADDED from src\main\AndroidManifest.xml:29:13-49
	android:label
		ADDED from src\main\AndroidManifest.xml:28:13-45
	android:name
		ADDED from src\main\AndroidManifest.xml:27:13-110
intent-filter#android.intent.action.MAIN+android.intent.category.LAUNCHER
ADDED from src\main\AndroidManifest.xml:30:13-33:29
action#android.intent.action.MAIN
ADDED from src\main\AndroidManifest.xml:31:17-69
	android:name
		ADDED from src\main\AndroidManifest.xml:31:25-66
category#android.intent.category.LAUNCHER
ADDED from src\main\AndroidManifest.xml:32:17-77
	android:name
		ADDED from src\main\AndroidManifest.xml:32:27-74
service#com.samsung.android.sdk.accessory.example.helloaccessory.consumer.ConsumerService
ADDED from src\main\AndroidManifest.xml:36:9-117
	android:name
		ADDED from src\main\AndroidManifest.xml:36:18-114
receiver#com.samsung.android.sdk.accessory.RegisterUponInstallReceiver
ADDED from src\main\AndroidManifest.xml:38:9-42:20
	android:name
		ADDED from src\main\AndroidManifest.xml:38:19-95
intent-filter#com.samsung.accessory.action.REGISTER_AGENT
ADDED from src\main\AndroidManifest.xml:39:13-41:29
action#com.samsung.accessory.action.REGISTER_AGENT
ADDED from src\main\AndroidManifest.xml:40:17-86
	android:name
		ADDED from src\main\AndroidManifest.xml:40:25-83
receiver#com.samsung.android.sdk.accessory.ServiceConnectionIndicationBroadcastReceiver
ADDED from src\main\AndroidManifest.xml:43:9-47:20
	android:name
		ADDED from src\main\AndroidManifest.xml:43:19-112
intent-filter#com.samsung.accessory.action.SERVICE_CONNECTION_REQUESTED
ADDED from src\main\AndroidManifest.xml:44:13-46:29
action#com.samsung.accessory.action.SERVICE_CONNECTION_REQUESTED
ADDED from src\main\AndroidManifest.xml:45:17-100
	android:name
		ADDED from src\main\AndroidManifest.xml:45:25-97
meta-data#AccessoryServicesLocation
ADDED from src\main\AndroidManifest.xml:49:9-51:62
	android:value
		ADDED from src\main\AndroidManifest.xml:51:13-59
	android:name
		ADDED from src\main\AndroidManifest.xml:50:13-53
meta-data#GearAppType
ADDED from src\main\AndroidManifest.xml:52:9-54:35
	android:value
		ADDED from src\main\AndroidManifest.xml:54:13-32
	android:name
		ADDED from src\main\AndroidManifest.xml:53:13-39